     1                                  [org 0x0100]
     2                                  
     3 00000000 A1[1700]                mov ax , [num1]
     4                                  
     5 00000003 8B1E[1900]              mov bx, [num2]
     6                                  
     7 00000007 01D8                    add ax, bx
     8                                  
     9 00000009 8B1E[1B00]              mov bx, [num3]
    10                                  
    11 0000000D 01D8                    add ax , bx
    12                                  
    13 0000000F A3[1D00]                mov [num4] , ax
    14                                  
    15 00000012 B8004C                  mov ax , 0x4c00
    16                                  
    17 00000015 CD21                    int 0x21
    18                                  
    19                                  
    20 00000017 0500                    num1: dw 5
    21 00000019 0A00                    num2: dw 10
    22 0000001B 0F00                    num3: dw 15
    23 0000001D 0000                    num4: dw  0
