     1                                  [org 0x0100]
     2                                  
     3 00000000 A1[1600]                mov ax , [num1]
     4                                  
     5 00000003 8B1E[1800]              mov bx , [num1 + 2]
     6                                  
     7 00000007 01D8                    add ax, bx
     8                                  
     9 00000009 A1[1A00]                mov ax , [num1 + 4]
    10                                  
    11 0000000C 01D8                    add ax , bx 
    12                                  
    13 0000000E A3[1C00]                mov [num1 + 6] , ax
    14                                  
    15 00000011 B8004C                  mov ax , 0x4c00
    16                                  
    17 00000014 CD21                    int 0x21
    18                                  
    19                                  
    20 00000016 05000A000F000000        num1 : dw 5 , 10, 15 ,0
    21                                  
    22                                  ; Line 20 can be written as 
    23                                  ; num1 : dw 5
    24                                  ; dw 10
    25                                  ; dw 15
    26                                  ; dw 0
